'3gp',
'7z',
'aac',
'aep',
'aepx',
'aet',
'aex',
'ai',
'asp',
'aspx',
'avi',
'bak',
'bat',
'bmp',
'c',
'cmd',
'cpp',
'cs',
'css',
'csv',
'db',
'dbf',
'div',
'dll',
'doc',
'docx',
'dot',
'eps',
'exe',
'flv',
'gif',
'h',
'htm',
'html',
'img',
'java',
'jpeg',
'jpg',
'js',
'json',
'jsp',
'lib',
'LIST',
'm4v',
'mdb',
'mdf',
'mkv',
'mov',
'mp3',
'mp4',
'mpeg',
'name',
'operate',
'operate',
'other',
'pdf',
'php',
'png',
'ppt',
'pptx',
'psd',
'py',
'rar',
'raw',
'rm',
'rmvb',
'rtf',
'svg',
'tiff',
'tmp',
'txt',
'vob',
'wav',
'wdb',
'wma',
'wmv',
'wps',
'xd',
'xls',
'xlsx',
'xml',
'zip',
